\BOOKMARK [0][]{chapter*.1}{摘要}{}% 1
\BOOKMARK [0][]{chapter*.2}{Abstract}{}% 2
\BOOKMARK [0][]{section*.3}{目录}{}% 3
\BOOKMARK [0][]{chapter.1}{引  言}{}% 4
\BOOKMARK [1][]{section.1.1}{编写说明}{chapter.1}% 5
\BOOKMARK [1][]{section.1.2}{学位论文的基本要求}{chapter.1}% 6
\BOOKMARK [1][]{section.1.3}{撰写学位论文的语言及文字}{chapter.1}% 7
\BOOKMARK [1][]{section.1.4}{主要内容}{chapter.1}% 8
\BOOKMARK [1][]{section.1.5}{主要内容}{chapter.1}% 9
\BOOKMARK [1][]{section.1.6}{主要内容}{chapter.1}% 10
\BOOKMARK [1][]{section.1.7}{主要内容}{chapter.1}% 11
\BOOKMARK [1][]{section.1.8}{主要内容}{chapter.1}% 12
\BOOKMARK [1][]{section.1.9}{主要内容}{chapter.1}% 13
\BOOKMARK [0][]{chapter.2}{研究生学位论文格式基本要求}{}% 14
\BOOKMARK [1][]{section.2.1}{学位论文的各组成及装订顺序}{chapter.2}% 15
\BOOKMARK [1][]{section.2.2}{学位论文各部分的写作要求}{chapter.2}% 16
\BOOKMARK [2][]{subsection.2.2.1}{中文封面}{section.2.2}% 17
\BOOKMARK [2][]{subsection.2.2.2}{英文封面}{section.2.2}% 18
\BOOKMARK [2][]{subsection.2.2.3}{学位论文原创性声明与版权使用授权书}{section.2.2}% 19
\BOOKMARK [2][]{subsection.2.2.4}{中、英文摘要}{section.2.2}% 20
\BOOKMARK [2][]{subsection.2.2.5}{目录}{section.2.2}% 21
\BOOKMARK [2][]{subsection.2.2.6}{正文}{section.2.2}% 22
\BOOKMARK [2][]{subsection.2.2.7}{参考文献}{section.2.2}% 23
\BOOKMARK [2][]{subsection.2.2.8}{致谢}{section.2.2}% 24
\BOOKMARK [2][]{subsection.2.2.9}{附录}{section.2.2}% 25
\BOOKMARK [2][]{subsection.2.2.10}{个人简历、在学期间发表的学术论文与研究成果}{section.2.2}% 26
\BOOKMARK [2][]{subsection.2.2.11}{量和单位}{section.2.2}% 27
\BOOKMARK [2][]{subsection.2.2.12}{有关图、表、表达式}{section.2.2}% 28
\BOOKMARK [1][]{section.2.3}{页面设置与页码}{chapter.2}% 29
\BOOKMARK [2][]{subsection.2.3.1}{页面设置}{section.2.3}% 30
\BOOKMARK [2][]{subsection.2.3.2}{页码}{section.2.3}% 31
\BOOKMARK [0][]{chapter.3}{参考文献著录规则及注意事项}{}% 32
\BOOKMARK [1][]{section.3.1}{参考文献与脚注（注释）的区别}{chapter.3}% 33
\BOOKMARK [1][]{section.3.2}{参考文献著录方法[6]}{chapter.3}% 34
\BOOKMARK [2][]{subsection.3.2.1}{专著}{section.3.2}% 35
\BOOKMARK [2][]{subsection.3.2.2}{专著中的析出文献}{section.3.2}% 36
\BOOKMARK [2][]{subsection.3.2.3}{连续出版物}{section.3.2}% 37
\BOOKMARK [2][]{subsection.3.2.4}{期刊、报纸等连续出版物中的析出文献}{section.3.2}% 38
\BOOKMARK [2][]{subsection.3.2.5}{专利文献}{section.3.2}% 39
\BOOKMARK [2][]{subsection.3.2.6}{电子文献 }{section.3.2}% 40
\BOOKMARK [1][]{section.3.3}{参考文献表}{chapter.3}% 41
\BOOKMARK [1][]{section.3.4}{参考文献在正文中的标注法}{chapter.3}% 42
\BOOKMARK [2][]{subsection.3.4.1}{顺序编码制}{section.3.4}% 43
\BOOKMARK [2][]{subsection.3.4.2}{著者-出版年制}{section.3.4}% 44
\BOOKMARK [1][]{section.3.5}{文献著录中应注意的若干问题}{chapter.3}% 45
\BOOKMARK [2][]{subsection.3.5.1}{参考文献著录只有一个标准}{section.3.5}% 46
\BOOKMARK [2][]{subsection.3.5.2}{正文中标注参考文献时的注意事项}{section.3.5}% 47
\BOOKMARK [2][]{subsection.3.5.3}{参考文献表著录时的注意事项}{section.3.5}% 48
\BOOKMARK [2][]{subsection.3.5.4}{著录责任者的注意事项}{section.3.5}% 49
\BOOKMARK [2][]{subsection.3.5.5}{参考文献表中数字的著录}{section.3.5}% 50
\BOOKMARK [2][]{subsection.3.5.6}{可作变通处理的著录项目}{section.3.5}% 51
\BOOKMARK [2][]{subsection.3.5.7}{正确著录期刊文献的年份、卷、期、页}{section.3.5}% 52
\BOOKMARK [1][]{section.3.6}{文献类型、电子文献载体类型及其标志代码说明}{chapter.3}% 53
\BOOKMARK [0][]{chapter.4}{论文几个主要部分的写法}{}% 54
\BOOKMARK [1][]{section.4.1}{论文的语言及表述}{chapter.4}% 55
\BOOKMARK [1][]{section.4.2}{论文题目的写法}{chapter.4}% 56
\BOOKMARK [1][]{section.4.3}{摘要的写法}{chapter.4}% 57
\BOOKMARK [1][]{section.4.4}{引言的写法}{chapter.4}% 58
\BOOKMARK [1][]{section.4.5}{“第2章，第3章，……，结论前的一章”的写法}{chapter.4}% 59
\BOOKMARK [1][]{section.4.6}{结论的写法}{chapter.4}% 60
\BOOKMARK [0][]{chapter.5}{图表，伪代码，公式相关排版}{}% 61
\BOOKMARK [1][]{section.5.1}{图的排版}{chapter.5}% 62
\BOOKMARK [2][]{subsection.5.1.1}{单图}{section.5.1}% 63
\BOOKMARK [2][]{subsection.5.1.2}{多图}{section.5.1}% 64
\BOOKMARK [1][]{section.5.2}{表格}{chapter.5}% 65
\BOOKMARK [1][]{section.5.3}{伪代码}{chapter.5}% 66
\BOOKMARK [1][]{section.5.4}{公式排版}{chapter.5}% 67
\BOOKMARK [0][]{section*.6}{参考文献}{}% 68
\BOOKMARK [0][]{chapter*.8}{攻读硕士学位期间所发表的学术论文}{}% 69
\BOOKMARK [0][]{chapter*.9}{致谢}{}% 70
